<?xml version="1.0" encoding="UTF-8"?>
<!-- Generated by org.testng.reporters.JUnitReportReporter -->
<testsuite name="winiumProject.test2" tests="1" time="2.606" ignored="0" failures="0" timestamp="28 Jan 2017 09:15:44 GMT" skipped="0" hostname="User-PC" errors="0">
  <testcase name="test" time="2.606" classname="winiumProject.test2"/>
</testsuite> <!-- winiumProject.test2 -->
