<?xml version="1.0" encoding="UTF-8"?>
<!-- Generated by org.testng.reporters.JUnitReportReporter -->
<testsuite hostname="User-PC" name="com.test.test11" tests="1" failures="0" timestamp="4 Feb 2017 13:03:32 GMT" time="12.175" errors="0">
  <testcase name="openForgotPasswordFrame" time="12.175" classname="com.test.test11"/>
</testsuite> <!-- com.test.test11 -->
