<?xml version="1.0" encoding="UTF-8"?>
<!-- Generated by org.testng.reporters.JUnitReportReporter -->
<testsuite hostname="User-PC" name="com.t2s.testScripts.calculationtest" tests="5" failures="0" timestamp="13 Feb 2017 05:27:56 GMT" time="34.666" errors="0">
  <testcase name="validateAddition" time="3.204" classname="com.t2s.testScripts.calculationtest"/>
  <testcase name="validateSubstraction" time="2.902" classname="com.t2s.testScripts.calculationtest"/>
  <testcase name="openHomePage" time="21.007" classname="com.t2s.testScripts.calculationtest"/>
  <testcase name="validateAddition" time="4.697" classname="com.t2s.testScripts.calculationtest"/>
  <testcase name="validateSubstraction" time="2.856" classname="com.t2s.testScripts.calculationtest"/>
</testsuite> <!-- com.t2s.testScripts.calculationtest -->
