<?xml version="1.0" encoding="UTF-8"?>
<!-- Generated by org.testng.reporters.JUnitReportReporter -->
<testsuite hostname="User-PC" name="com.t2s.testScripts.calculationtest" tests="5" failures="0" timestamp="4 Feb 2017 09:39:39 GMT" time="26.370" errors="0">
  <testcase name="validateAddition" time="2.302" classname="com.t2s.testScripts.calculationtest"/>
  <testcase name="openHomePage" time="14.939" classname="com.t2s.testScripts.calculationtest"/>
  <testcase name="validateSubstraction" time="2.393" classname="com.t2s.testScripts.calculationtest"/>
  <testcase name="validateSubstraction" time="2.210" classname="com.t2s.testScripts.calculationtest"/>
  <testcase name="validateAddition" time="4.526" classname="com.t2s.testScripts.calculationtest"/>
</testsuite> <!-- com.t2s.testScripts.calculationtest -->
