<?xml version="1.0" encoding="UTF-8"?>
<!-- Generated by org.testng.reporters.JUnitReportReporter -->
<testsuite hostname="User-PC" name="com.cashkaro.testScripts.sampleTest" tests="1" failures="0" timestamp="7 Feb 2017 10:43:49 GMT" time="10.834" errors="0">
  <testcase name="test1" time="10.834" classname="com.cashkaro.testScripts.sampleTest"/>
</testsuite> <!-- com.cashkaro.testScripts.sampleTest -->
