<?xml version="1.0" encoding="UTF-8"?>
<!-- Generated by org.testng.reporters.JUnitReportReporter -->
<testsuite hostname="User-PC" name="com.cashkaro.testScripts.testWeb" tests="1" failures="0" timestamp="31 Jan 2017 06:56:43 GMT" time="9.575" errors="0">
  <testcase name="openForgotPasswordFrame" time="9.575" classname="com.cashkaro.testScripts.testWeb"/>
</testsuite> <!-- com.cashkaro.testScripts.testWeb -->
