<?xml version="1.0" encoding="UTF-8"?>
<!-- Generated by org.testng.reporters.JUnitReportReporter -->
<testsuite hostname="User-PC" name="com.cashkaro.testScripts.testWeb" tests="1" failures="0" timestamp="7 Feb 2017 09:30:27 GMT" time="28.768" errors="0">
  <testcase name="openForgotPasswordFrame" time="28.768" classname="com.cashkaro.testScripts.testWeb"/>
</testsuite> <!-- com.cashkaro.testScripts.testWeb -->
