<?xml version="1.0" encoding="UTF-8"?>
<!-- Generated by org.testng.reporters.JUnitReportReporter -->
<testsuite skipped="0" hostname="dell-PC" name="com.cashkaro.testScripts.joinFree" tests="7" failures="0" timestamp="31 Dec 2016 18:57:40 GMT" time="79.251" errors="0">
  <testcase name="openForgotPasswordFrame" time="40.397" classname="com.cashkaro.testScripts.joinFree"/>
  <testcase name="openHomePage" time="25.134" classname="com.cashkaro.testScripts.joinFree"/>
  <testcase name="testforgotPasswordFrame" time="1.028" classname="com.cashkaro.testScripts.joinFree"/>
  <testcase name="testforgotPasswordFrame" time="1.920" classname="com.cashkaro.testScripts.joinFree"/>
  <testcase name="testforgotPasswordFrame" time="8.537" classname="com.cashkaro.testScripts.joinFree"/>
  <testcase name="testforgotPasswordFrame" time="1.036" classname="com.cashkaro.testScripts.joinFree"/>
  <testcase name="closeforgotPasswordFrame" time="1.199" classname="com.cashkaro.testScripts.joinFree"/>
</testsuite> <!-- com.cashkaro.testScripts.joinFree -->
