<?xml version="1.0" encoding="UTF-8"?>
<!-- Generated by org.testng.reporters.JUnitReportReporter -->
<testsuite name="draganddrop" tests="1" time="43.287" ignored="0" failures="0" timestamp="02 Feb 2017 16:17:30 GMT" skipped="0" hostname="User-PC" errors="0">
  <testcase name="testDrag" time="43.287" classname="draganddrop"/>
</testsuite> <!-- draganddrop -->
