<?xml version="1.0" encoding="UTF-8"?>
<!-- Generated by org.testng.reporters.JUnitReportReporter -->
<testsuite name="amazonlogin" tests="1" time="40.440" ignored="0" failures="0" timestamp="09 Feb 2017 06:59:30 GMT" skipped="0" hostname="User-PC" errors="0">
  <testcase name="mnm" time="40.440" classname="amazonlogin"/>
</testsuite> <!-- amazonlogin -->
