<?xml version="1.0" encoding="UTF-8"?>
<!-- Generated by org.testng.reporters.JUnitReportReporter -->
<testsuite name="googlelogger" tests="1" time="27.341" ignored="0" failures="0" timestamp="10 Feb 2017 09:24:57 GMT" skipped="0" hostname="User-PC" errors="0">
  <testcase name="login" time="27.341" classname="googlelogger"/>
</testsuite> <!-- googlelogger -->
