<?xml version="1.0" encoding="UTF-8"?>
<!-- Generated by org.testng.reporters.JUnitReportReporter -->
<testsuite name="amazondropdown" tests="3" time="24.755" ignored="0" failures="1" timestamp="09 Feb 2017 12:27:17 GMT" skipped="0" hostname="User-PC" errors="0">
  <testcase name="Login" time="5.918" classname="amazondropdown"/>
  <testcase name="CheckAllCategories" time="9.266" classname="amazondropdown"/>
  <testcase name="CheckSearchSuggestions" time="9.571" classname="amazondropdown">
    <failure type="java.lang.AssertionError" message="expected [hard drive in Electronics] but found [hard drive in Amazon Fashion]">
      <![CDATA[java.lang.AssertionError: expected [hard drive in Electronics] but found [hard drive in Amazon Fashion]
	at org.testng.Assert.fail(Assert.java:94)
	at org.testng.Assert.failNotEquals(Assert.java:513)
	at org.testng.Assert.assertEqualsImpl(Assert.java:135)
	at org.testng.Assert.assertEquals(Assert.java:116)
	at org.testng.Assert.assertEquals(Assert.java:190)
	at org.testng.Assert.assertEquals(Assert.java:200)
	at amazondropdown.CheckSearchSuggestions(amazondropdown.java:92)
	at sun.reflect.NativeMethodAccessorImpl.invoke0(Native Method)
	at sun.reflect.NativeMethodAccessorImpl.invoke(NativeMethodAccessorImpl.java:62)
	at sun.reflect.DelegatingMethodAccessorImpl.invoke(DelegatingMethodAccessorImpl.java:43)
	at java.lang.reflect.Method.invoke(Method.java:498)
	at org.testng.internal.MethodInvocationHelper.invokeMethod(MethodInvocationHelper.java:104)
	at org.testng.internal.Invoker.invokeMethod(Invoker.java:645)
	at org.testng.internal.Invoker.invokeTestMethod(Invoker.java:851)
	at org.testng.internal.Invoker.invokeTestMethods(Invoker.java:1177)
	at org.testng.internal.TestMethodWorker.invokeTestMethods(TestMethodWorker.java:129)
	at org.testng.internal.TestMethodWorker.run(TestMethodWorker.java:112)
	at java.util.concurrent.ThreadPoolExecutor.runWorker(ThreadPoolExecutor.java:1142)
	at java.util.concurrent.ThreadPoolExecutor$Worker.run(ThreadPoolExecutor.java:617)
	at java.lang.Thread.run(Thread.java:745)
]]>
    </failure>
  </testcase> <!-- CheckSearchSuggestions -->
</testsuite> <!-- amazondropdown -->
