<?xml version="1.0" encoding="UTF-8"?>
<!-- Generated by org.testng.reporters.JUnitReportReporter -->
<testsuite skipped="0" hostname="dell-PC" name="com.cashkaro.testScripts.testJoinWithFaceBook" tests="5" failures="0" timestamp="3 Jan 2017 18:03:14 GMT" time="20.835" errors="0">
  <testcase name="openJoinFreePage" time="4.996" classname="com.cashkaro.testScripts.testJoinWithFaceBook"/>
  <testcase name="openJoinFB" time="0.961" classname="com.cashkaro.testScripts.testJoinWithFaceBook"/>
  <testcase name="validateFBLinks" time="5.746" classname="com.cashkaro.testScripts.testJoinWithFaceBook"/>
  <testcase name="tearDown" time="0.793" classname="com.cashkaro.testScripts.testJoinWithFaceBook"/>
  <testcase name="openHomePage" time="8.339" classname="com.cashkaro.testScripts.testJoinWithFaceBook"/>
</testsuite> <!-- com.cashkaro.testScripts.testJoinWithFaceBook -->
