<?xml version="1.0" encoding="UTF-8"?>
<!-- Generated by org.testng.reporters.JUnitReportReporter -->
<testsuite hostname="User-PC" name="com.cashkaro.testScripts.validateHomePageItems" tests="1" failures="0" timestamp="24 Jan 2017 05:22:31 GMT" time="27.769" errors="0">
  <testcase name="openHomePage" time="27.769" classname="com.cashkaro.testScripts.validateHomePageItems"/>
</testsuite> <!-- com.cashkaro.testScripts.validateHomePageItems -->
