<?xml version="1.0" encoding="UTF-8"?>
<!-- Generated by org.testng.reporters.JUnitReportReporter -->
<testsuite hostname="User-PC" name="com.t2s.testScripts.calculationtest" tests="5" failures="0" timestamp="4 Feb 2017 09:38:26 GMT" time="19.995" errors="0">
  <testcase name="validateSubstraction" time="1.931" classname="com.t2s.testScripts.calculationtest"/>
  <testcase name="validateAddition" time="4.284" classname="com.t2s.testScripts.calculationtest"/>
  <testcase name="openHomePage" time="9.770" classname="com.t2s.testScripts.calculationtest"/>
  <testcase name="validateAddition" time="1.963" classname="com.t2s.testScripts.calculationtest"/>
  <testcase name="validateSubstraction" time="2.047" classname="com.t2s.testScripts.calculationtest"/>
</testsuite> <!-- com.t2s.testScripts.calculationtest -->
