<?xml version="1.0" encoding="UTF-8"?>
<!-- Generated by org.testng.reporters.JUnitReportReporter -->
<testsuite hostname="User-PC" name="com.t2s.testScripts.testforgotPassWord" tests="3" failures="0" timestamp="31 Jan 2017 07:36:25 GMT" time="27.034" errors="0">
  <testcase name="openForgotPasswordFrame" time="5.077" classname="com.t2s.testScripts.testforgotPassWord"/>
  <testcase name="openHomePage" time="18.653" classname="com.t2s.testScripts.testforgotPassWord"/>
  <testcase name="openForgotPasswordFrame" time="3.304" classname="com.t2s.testScripts.testforgotPassWord"/>
</testsuite> <!-- com.t2s.testScripts.testforgotPassWord -->
