<?xml version="1.0" encoding="UTF-8"?>
<!-- Generated by org.testng.reporters.JUnitReportReporter -->
<testsuite name="javaarray.testbed" tests="1" time="14.893" ignored="0" failures="0" timestamp="23 Jan 2017 10:02:21 GMT" skipped="0" hostname="User-PC" errors="0">
  <testcase name="sampletest" time="14.893" classname="javaarray.testbed"/>
</testsuite> <!-- javaarray.testbed -->
